Handling lib "ca-bundle"...
Handling lib "mjs"...
Handling lib "http-server"...Target  is built successfully
...
The --lib flag was not given for "ca-bundle", checking repository
Handling lib "i2c"...
The --lib flag was not given for "http-server", checking repository
The --lib flag was not given for "mjs", checking repository
The --lib flag was not given for "rpc-service-fs", checking repository
Handling lib "rpc-service-config"...
Handling lib "rpc-uart"...
The --lib flag was not given for "i2c", checking repository
The --lib flag was not given for "rpc-service-config", checking repository
The --lib flag was not given for "rpc-uart", checking repository
Handling lib "adc"...
The --lib flag was not given for "adc", checking repository
Handling lib "wifi"...
The --lib flag was not given for "wifi", checking repository
Handling lib "core"...
Handling lib "dash"...
The --lib flag was not given for "dash", checking repository
The --lib flag was not given for "core", checking repository
Handling lib "rpc-service-ota"...
The --lib flag was not given for "rpc-service-ota", checking repository
Prepared local dir: "/fwbuild-volumes/2.5.1/apps/smartBatteryBox/esp8266/build_contexts/build_ctx_235236203/libs/http-server"
Prepared local dir: "/fwbuild-volumes/2.5.1/apps/smartBatteryBox/esp8266/build_contexts/build_ctx_235236203/libs/ca-bundle"
Prepared local dir: "/fwbuild-volumes/2.5.1/apps/smartBatteryBox/esp8266/build_contexts/build_ctx_235236203/libs/rpc-uart"
Prepared local dir: "/fwbuild-volumes/2.5.1/apps/smartBatteryBox/esp8266/build_contexts/build_ctx_235236203/libs/mjs"
Prepared local dir: "/fwbuild-volumes/2.5.1/apps/smartBatteryBox/esp8266/build_contexts/build_ctx_235236203/libs/core"
Prepared local dir: "/fwbuild-volumes/2.5.1/apps/smartBatteryBox/esp8266/build_contexts/build_ctx_235236203/libs/rpc-service-config"
Handling lib "rpc-common"...
The --lib flag was not given for "rpc-common", checking repository
Handling lib "mongoose"...
Handling lib "vfs-fs-spiffs"...
Handling lib "vfs-dev-part"...
The --lib flag was not given for "mongoose", checking repository
The --lib flag was not given for "vfs-fs-spiffs", checking repository
The --lib flag was not given for "vfs-dev-part", checking repository
Prepared local dir: "/fwbuild-volumes/2.5.1/apps/smartBatteryBox/esp8266/build_contexts/build_ctx_235236203/libs/rpc-service-fs"
Prepared local dir: "/fwbuild-volumes/2.5.1/apps/smartBatteryBox/esp8266/build_contexts/build_ctx_235236203/libs/rpc-service-ota"
Handling lib "ota-http-client"...
The --lib flag was not given for "ota-http-client", checking repository
Prepared local dir: "/fwbuild-volumes/2.5.1/apps/smartBatteryBox/esp8266/build_contexts/build_ctx_235236203/libs/i2c"
Prepared local dir: "/fwbuild-volumes/2.5.1/apps/smartBatteryBox/esp8266/build_contexts/build_ctx_235236203/libs/dash"
Prepared local dir: "/fwbuild-volumes/2.5.1/apps/smartBatteryBox/esp8266/build_contexts/build_ctx_235236203/libs/wifi"
Prepared local dir: "/fwbuild-volumes/2.5.1/apps/smartBatteryBox/esp8266/build_contexts/build_ctx_235236203/libs/adc"
Handling lib "ota-shadow"...
Handling lib "shadow"...
The --lib flag was not given for "ota-shadow", checking repository
The --lib flag was not given for "shadow", checking repository
Prepared local dir: "/fwbuild-volumes/2.5.1/apps/smartBatteryBox/esp8266/build_contexts/build_ctx_235236203/libs/vfs-dev-part"
Handling lib "vfs-common"...
The --lib flag was not given for "vfs-common", checking repository
Prepared local dir: "/fwbuild-volumes/2.5.1/apps/smartBatteryBox/esp8266/build_contexts/build_ctx_235236203/libs/mongoose"
Prepared local dir: "/fwbuild-volumes/2.5.1/apps/smartBatteryBox/esp8266/build_contexts/build_ctx_235236203/libs/vfs-fs-spiffs"
Prepared local dir: "/fwbuild-volumes/2.5.1/apps/smartBatteryBox/esp8266/build_contexts/build_ctx_235236203/libs/rpc-common"
Prepared local dir: "/fwbuild-volumes/2.5.1/apps/smartBatteryBox/esp8266/build_contexts/build_ctx_235236203/libs/ota-http-client"
Handling lib "ota-common"...
The --lib flag was not given for "ota-common", checking repository
Prepared local dir: "/fwbuild-volumes/2.5.1/apps/smartBatteryBox/esp8266/build_contexts/build_ctx_235236203/libs/ota-shadow"
Prepared local dir: "/fwbuild-volumes/2.5.1/apps/smartBatteryBox/esp8266/build_contexts/build_ctx_235236203/libs/shadow"
Prepared local dir: "/fwbuild-volumes/2.5.1/apps/smartBatteryBox/esp8266/build_contexts/build_ctx_235236203/libs/vfs-common"
Prepared local dir: "/fwbuild-volumes/2.5.1/apps/smartBatteryBox/esp8266/build_contexts/build_ctx_235236203/libs/ota-common"
The flag --module is not given for the module "mjs_module", going to use the repository
The flag --repo is not given, going to use mongoose-os repository
Prebuilt binary for "mongoose" already exists at "/fwbuild-volumes/2.5.1/apps/smartBatteryBox/esp8266/build_contexts/build_ctx_235236203/libs/mongoose/lib/esp8266/libmongoose.a"
Prebuilt binary for "ota-http-client" already exists at "/fwbuild-volumes/2.5.1/apps/smartBatteryBox/esp8266/build_contexts/build_ctx_235236203/libs/ota-http-client/lib/esp8266/libota-http-client.a"
Prebuilt binary for "ota-shadow" already exists at "/fwbuild-volumes/2.5.1/apps/smartBatteryBox/esp8266/build_contexts/build_ctx_235236203/libs/ota-shadow/lib/esp8266/libota-shadow.a"
Prebuilt binary for "dash" already exists at "/fwbuild-volumes/2.5.1/apps/smartBatteryBox/esp8266/build_contexts/build_ctx_235236203/libs/dash/lib/esp8266/libdash.a"
Prebuilt binary for "rpc-service-ota" already exists at "/fwbuild-volumes/2.5.1/apps/smartBatteryBox/esp8266/build_contexts/build_ctx_235236203/libs/rpc-service-ota/lib/esp8266/librpc-service-ota.a"
Sources: [/fwbuild-volumes/2.5.1/apps/smartBatteryBox/esp8266/build_contexts/build_ctx_235236203/build/gen/mgos_deps_init.c /fwbuild-volumes/2.5.1/apps/smartBatteryBox/esp8266/build_contexts/build_ctx_235236203/libs/adc/esp8266/src/esp_adc.c /fwbuild-volumes/2.5.1/apps/smartBatteryBox/esp8266/build_contexts/build_ctx_235236203/libs/vfs-common/src/mgos_vfs.c /fwbuild-volumes/2.5.1/apps/smartBatteryBox/esp8266/build_contexts/build_ctx_235236203/libs/vfs-common/src/mgos_vfs_dev.c /fwbuild-volumes/2.5.1/apps/smartBatteryBox/esp8266/build_contexts/build_ctx_235236203/libs/vfs-common/src/esp8266/esp_flash_writer.c /fwbuild-volumes/2.5.1/apps/smartBatteryBox/esp8266/build_contexts/build_ctx_235236203/libs/vfs-common/src/esp8266/esp_fs.c /fwbuild-volumes/2.5.1/apps/smartBatteryBox/esp8266/build_contexts/build_ctx_235236203/libs/vfs-common/src/esp8266/esp_vfs_dev_sysflash.c /fwbuild-volumes/2.5.1/apps/smartBatteryBox/esp8266/build_contexts/build_ctx_235236203/libs/vfs-dev-part/src/mgos_vfs_dev_part.c /fwbuild-volumes/2.5.1/apps/smartBatteryBox/esp8266/build_contexts/build_ctx_235236203/libs/vfs-fs-spiffs/src/mgos_vfs_fs_spiffs.c /fwbuild-volumes/2.5.1/apps/smartBatteryBox/esp8266/build_contexts/build_ctx_235236203/libs/vfs-fs-spiffs/src/spiffs/spiffs_cache.c /fwbuild-volumes/2.5.1/apps/smartBatteryBox/esp8266/build_contexts/build_ctx_235236203/libs/vfs-fs-spiffs/src/spiffs/spiffs_check.c /fwbuild-volumes/2.5.1/apps/smartBatteryBox/esp8266/build_contexts/build_ctx_235236203/libs/vfs-fs-spiffs/src/spiffs/spiffs_gc.c /fwbuild-volumes/2.5.1/apps/smartBatteryBox/esp8266/build_contexts/build_ctx_235236203/libs/vfs-fs-spiffs/src/spiffs/spiffs_hydrogen.c /fwbuild-volumes/2.5.1/apps/smartBatteryBox/esp8266/build_contexts/build_ctx_235236203/libs/vfs-fs-spiffs/src/spiffs/spiffs_nucleus.c /fwbuild-volumes/2.5.1/apps/smartBatteryBox/esp8266/build_contexts/build_ctx_235236203/libs/core/src/mgos_core.c /fwbuild-volumes/2.5.1/apps/smartBatteryBox/esp8266/build_contexts/build_ctx_235236203/libs/core/src/esp8266/esp_rboot.c /fwbuild-volumes/2.5.1/apps/smartBatteryBox/esp8266/build_contexts/build_ctx_235236203/libs/ota-common/src/mgos_updater_common.c /fwbuild-volumes/2.5.1/apps/smartBatteryBox/esp8266/build_contexts/build_ctx_235236203/libs/ota-common/src/esp8266/esp_updater.c /fwbuild-volumes/2.5.1/apps/smartBatteryBox/esp8266/build_contexts/build_ctx_235236203/libs/shadow/src/mgos_shadow.c /fwbuild-volumes/2.5.1/apps/smartBatteryBox/esp8266/build_contexts/build_ctx_235236203/libs/rpc-common/src/mg_rpc/mg_rpc.c /fwbuild-volumes/2.5.1/apps/smartBatteryBox/esp8266/build_contexts/build_ctx_235236203/libs/rpc-common/src/mg_rpc/mg_rpc_channel.c /fwbuild-volumes/2.5.1/apps/smartBatteryBox/esp8266/build_contexts/build_ctx_235236203/libs/rpc-common/src/mg_rpc/mg_rpc_channel_http.c /fwbuild-volumes/2.5.1/apps/smartBatteryBox/esp8266/build_contexts/build_ctx_235236203/libs/rpc-common/src/mg_rpc/mg_rpc_channel_ws.c /fwbuild-volumes/2.5.1/apps/smartBatteryBox/esp8266/build_contexts/build_ctx_235236203/libs/rpc-common/src/mgos_rpc.c /fwbuild-volumes/2.5.1/apps/smartBatteryBox/esp8266/build_contexts/build_ctx_235236203/libs/http-server/src/mgos_http_server.c /fwbuild-volumes/2.5.1/apps/smartBatteryBox/esp8266/build_contexts/build_ctx_235236203/libs/i2c/src/mgos_i2c.c /fwbuild-volumes/2.5.1/apps/smartBatteryBox/esp8266/build_contexts/build_ctx_235236203/libs/i2c/src/common_gpio/mgos_i2c_gpio.c /fwbuild-volumes/2.5.1/apps/smartBatteryBox/esp8266/build_contexts/build_ctx_235236203/libs/mjs/src/mos_mjs.c /fwbuild-volumes/2.5.1/apps/smartBatteryBox/esp8266/build_contexts/build_ctx_235236203/modules/mjs/mjs.c /fwbuild-volumes/2.5.1/apps/smartBatteryBox/esp8266/build_contexts/build_ctx_235236203/libs/mjs/esp8266/src/esp8266_mjs.c /fwbuild-volumes/2.5.1/apps/smartBatteryBox/esp8266/build_contexts/build_ctx_235236203/libs/rpc-service-config/src/mgos_service_config.c /fwbuild-volumes/2.5.1/apps/smartBatteryBox/esp8266/build_contexts/build_ctx_235236203/libs/rpc-service-fs/src/mgos_service_filesystem.c /fwbuild-volumes/2.5.1/apps/smartBatteryBox/esp8266/build_contexts/build_ctx_235236203/libs/rpc-uart/src/mgos_rpc_channel_uart.c /fwbuild-volumes/2.5.1/apps/smartBatteryBox/esp8266/build_contexts/build_ctx_235236203/libs/wifi/src/mgos_wifi.c /fwbuild-volumes/2.5.1/apps/smartBatteryBox/esp8266/build_contexts/build_ctx_235236203/libs/wifi/src/mjs_wifi.c /fwbuild-volumes/2.5.1/apps/smartBatteryBox/esp8266/build_contexts/build_ctx_235236203/libs/wifi/esp8266/src/esp_wifi.c]
Include dirs: [/fwbuild-volumes/2.5.1/apps/smartBatteryBox/esp8266/build_contexts/build_ctx_235236203/libs/adc/include /fwbuild-volumes/2.5.1/apps/smartBatteryBox/esp8266/build_contexts/build_ctx_235236203/libs/adc/esp8266/include /fwbuild-volumes/2.5.1/apps/smartBatteryBox/esp8266/build_contexts/build_ctx_235236203/libs/vfs-common/include /fwbuild-volumes/2.5.1/apps/smartBatteryBox/esp8266/build_contexts/build_ctx_235236203/libs/vfs-common/include/esp8266 /fwbuild-volumes/2.5.1/apps/smartBatteryBox/esp8266/build_contexts/build_ctx_235236203/libs/mongoose/include /fwbuild-volumes/2.5.1/apps/smartBatteryBox/esp8266/build_contexts/build_ctx_235236203/libs/vfs-dev-part/include /fwbuild-volumes/2.5.1/apps/smartBatteryBox/esp8266/build_contexts/build_ctx_235236203/libs/vfs-fs-spiffs/include /fwbuild-volumes/2.5.1/apps/smartBatteryBox/esp8266/build_contexts/build_ctx_235236203/libs/vfs-fs-spiffs/include/spiffs /fwbuild-volumes/2.5.1/apps/smartBatteryBox/esp8266/build_contexts/build_ctx_235236203/libs/vfs-fs-spiffs/include/esp8266 /fwbuild-volumes/2.5.1/apps/smartBatteryBox/esp8266/build_contexts/build_ctx_235236203/libs/core/include /fwbuild-volumes/2.5.1/apps/smartBatteryBox/esp8266/build_contexts/build_ctx_235236203/libs/core/include/esp8266 /fwbuild-volumes/2.5.1/apps/smartBatteryBox/esp8266/build_contexts/build_ctx_235236203/libs/ota-common/include /fwbuild-volumes/2.5.1/apps/smartBatteryBox/esp8266/build_contexts/build_ctx_235236203/libs/ota-http-client/include /fwbuild-volumes/2.5.1/apps/smartBatteryBox/esp8266/build_contexts/build_ctx_235236203/libs/shadow/include /fwbuild-volumes/2.5.1/apps/smartBatteryBox/esp8266/build_contexts/build_ctx_235236203/libs/rpc-common/include/mg_rpc /fwbuild-volumes/2.5.1/apps/smartBatteryBox/esp8266/build_contexts/build_ctx_235236203/libs/rpc-common/include /fwbuild-volumes/2.5.1/apps/smartBatteryBox/esp8266/build_contexts/build_ctx_235236203/libs/dash/include /fwbuild-volumes/2.5.1/apps/smartBatteryBox/esp8266/build_contexts/build_ctx_235236203/libs/http-server/include /fwbuild-volumes/2.5.1/apps/smartBatteryBox/esp8266/build_contexts/build_ctx_235236203/libs/i2c/include /fwbuild-volumes/2.5.1/apps/smartBatteryBox/esp8266/build_contexts/build_ctx_235236203/libs/mjs/include /fwbuild-volumes/2.5.1/apps/smartBatteryBox/esp8266/build_contexts/build_ctx_235236203/libs/rpc-service-config/include /fwbuild-volumes/2.5.1/apps/smartBatteryBox/esp8266/build_contexts/build_ctx_235236203/libs/rpc-service-fs/include /fwbuild-volumes/2.5.1/apps/smartBatteryBox/esp8266/build_contexts/build_ctx_235236203/libs/rpc-service-ota/include /fwbuild-volumes/2.5.1/apps/smartBatteryBox/esp8266/build_contexts/build_ctx_235236203/libs/rpc-uart/include /fwbuild-volumes/2.5.1/apps/smartBatteryBox/esp8266/build_contexts/build_ctx_235236203/libs/wifi/include]
Binary libs: [/fwbuild-volumes/2.5.1/apps/smartBatteryBox/esp8266/build_contexts/build_ctx_235236203/libs/mongoose/lib/esp8266/libmongoose.a /fwbuild-volumes/2.5.1/apps/smartBatteryBox/esp8266/build_contexts/build_ctx_235236203/libs/ota-http-client/lib/esp8266/libota-http-client.a /fwbuild-volumes/2.5.1/apps/smartBatteryBox/esp8266/build_contexts/build_ctx_235236203/libs/ota-shadow/lib/esp8266/libota-shadow.a /fwbuild-volumes/2.5.1/apps/smartBatteryBox/esp8266/build_contexts/build_ctx_235236203/libs/dash/lib/esp8266/libdash.a /fwbuild-volumes/2.5.1/apps/smartBatteryBox/esp8266/build_contexts/build_ctx_235236203/libs/rpc-service-ota/lib/esp8266/librpc-service-ota.a]
Building...
mount from "/fwbuild-volumes/2.5.1/apps/smartBatteryBox/esp8266/build_contexts/build_ctx_235236203" to "/app"
mount from "/fwbuild-volumes/2.5.1/apps/smartBatteryBox/esp8266/build_contexts/build_ctx_235236203/modules/mongoose-os" to "/mongoose-os"
mount from "/fwbuild-volumes/2.5.1/apps/smartBatteryBox/esp8266/build_contexts/build_ctx_235236203/modules/mongoose-os" to "/fwbuild-volumes/2.5.1/apps/smartBatteryBox/esp8266/build_contexts/build_ctx_235236203/modules/mongoose-os"
mount from "/fwbuild-volumes/2.5.1/apps/smartBatteryBox/esp8266/build_contexts/build_ctx_235236203/build" to "/fwbuild-volumes/2.5.1/apps/smartBatteryBox/esp8266/build_contexts/build_ctx_235236203/build"
mount from "/fwbuild-volumes/2.5.1/apps/smartBatteryBox/esp8266/build_contexts/build_ctx_235236203/build/gen" to "/fwbuild-volumes/2.5.1/apps/smartBatteryBox/esp8266/build_contexts/build_ctx_235236203/build/gen"
mount from "/fwbuild-volumes/2.5.1/apps/smartBatteryBox/esp8266/build_contexts/build_ctx_235236203/libs/adc/esp8266/src" to "/fwbuild-volumes/2.5.1/apps/smartBatteryBox/esp8266/build_contexts/build_ctx_235236203/libs/adc/esp8266/src"
mount from "/fwbuild-volumes/2.5.1/apps/smartBatteryBox/esp8266/build_contexts/build_ctx_235236203/libs/vfs-common/src" to "/fwbuild-volumes/2.5.1/apps/smartBatteryBox/esp8266/build_contexts/build_ctx_235236203/libs/vfs-common/src"
mount from "/fwbuild-volumes/2.5.1/apps/smartBatteryBox/esp8266/build_contexts/build_ctx_235236203/libs/vfs-common/src/esp8266" to "/fwbuild-volumes/2.5.1/apps/smartBatteryBox/esp8266/build_contexts/build_ctx_235236203/libs/vfs-common/src/esp8266"
mount from "/fwbuild-volumes/2.5.1/apps/smartBatteryBox/esp8266/build_contexts/build_ctx_235236203/libs/vfs-dev-part/src" to "/fwbuild-volumes/2.5.1/apps/smartBatteryBox/esp8266/build_contexts/build_ctx_235236203/libs/vfs-dev-part/src"
mount from "/fwbuild-volumes/2.5.1/apps/smartBatteryBox/esp8266/build_contexts/build_ctx_235236203/libs/vfs-fs-spiffs/src" to "/fwbuild-volumes/2.5.1/apps/smartBatteryBox/esp8266/build_contexts/build_ctx_235236203/libs/vfs-fs-spiffs/src"
mount from "/fwbuild-volumes/2.5.1/apps/smartBatteryBox/esp8266/build_contexts/build_ctx_235236203/libs/vfs-fs-spiffs/src/spiffs" to "/fwbuild-volumes/2.5.1/apps/smartBatteryBox/esp8266/build_contexts/build_ctx_235236203/libs/vfs-fs-spiffs/src/spiffs"
mount from "/fwbuild-volumes/2.5.1/apps/smartBatteryBox/esp8266/build_contexts/build_ctx_235236203/libs/core/src" to "/fwbuild-volumes/2.5.1/apps/smartBatteryBox/esp8266/build_contexts/build_ctx_235236203/libs/core/src"
mount from "/fwbuild-volumes/2.5.1/apps/smartBatteryBox/esp8266/build_contexts/build_ctx_235236203/libs/core/src/esp8266" to "/fwbuild-volumes/2.5.1/apps/smartBatteryBox/esp8266/build_contexts/build_ctx_235236203/libs/core/src/esp8266"
mount from "/fwbuild-volumes/2.5.1/apps/smartBatteryBox/esp8266/build_contexts/build_ctx_235236203/libs/ota-common/src" to "/fwbuild-volumes/2.5.1/apps/smartBatteryBox/esp8266/build_contexts/build_ctx_235236203/libs/ota-common/src"
mount from "/fwbuild-volumes/2.5.1/apps/smartBatteryBox/esp8266/build_contexts/build_ctx_235236203/libs/ota-common/src/esp8266" to "/fwbuild-volumes/2.5.1/apps/smartBatteryBox/esp8266/build_contexts/build_ctx_235236203/libs/ota-common/src/esp8266"
mount from "/fwbuild-volumes/2.5.1/apps/smartBatteryBox/esp8266/build_contexts/build_ctx_235236203/libs/shadow/src" to "/fwbuild-volumes/2.5.1/apps/smartBatteryBox/esp8266/build_contexts/build_ctx_235236203/libs/shadow/src"
mount from "/fwbuild-volumes/2.5.1/apps/smartBatteryBox/esp8266/build_contexts/build_ctx_235236203/libs/rpc-common/src/mg_rpc" to "/fwbuild-volumes/2.5.1/apps/smartBatteryBox/esp8266/build_contexts/build_ctx_235236203/libs/rpc-common/src/mg_rpc"
mount from "/fwbuild-volumes/2.5.1/apps/smartBatteryBox/esp8266/build_contexts/build_ctx_235236203/libs/rpc-common/src" to "/fwbuild-volumes/2.5.1/apps/smartBatteryBox/esp8266/build_contexts/build_ctx_235236203/libs/rpc-common/src"
mount from "/fwbuild-volumes/2.5.1/apps/smartBatteryBox/esp8266/build_contexts/build_ctx_235236203/libs/http-server/src" to "/fwbuild-volumes/2.5.1/apps/smartBatteryBox/esp8266/build_contexts/build_ctx_235236203/libs/http-server/src"
mount from "/fwbuild-volumes/2.5.1/apps/smartBatteryBox/esp8266/build_contexts/build_ctx_235236203/libs/i2c/src" to "/fwbuild-volumes/2.5.1/apps/smartBatteryBox/esp8266/build_contexts/build_ctx_235236203/libs/i2c/src"
mount from "/fwbuild-volumes/2.5.1/apps/smartBatteryBox/esp8266/build_contexts/build_ctx_235236203/libs/i2c/src/common_gpio" to "/fwbuild-volumes/2.5.1/apps/smartBatteryBox/esp8266/build_contexts/build_ctx_235236203/libs/i2c/src/common_gpio"
mount from "/fwbuild-volumes/2.5.1/apps/smartBatteryBox/esp8266/build_contexts/build_ctx_235236203/libs/mjs/src" to "/fwbuild-volumes/2.5.1/apps/smartBatteryBox/esp8266/build_contexts/build_ctx_235236203/libs/mjs/src"
mount from "/fwbuild-volumes/2.5.1/apps/smartBatteryBox/esp8266/build_contexts/build_ctx_235236203/modules/mjs" to "/fwbuild-volumes/2.5.1/apps/smartBatteryBox/esp8266/build_contexts/build_ctx_235236203/modules/mjs"
mount from "/fwbuild-volumes/2.5.1/apps/smartBatteryBox/esp8266/build_contexts/build_ctx_235236203/libs/mjs/esp8266/src" to "/fwbuild-volumes/2.5.1/apps/smartBatteryBox/esp8266/build_contexts/build_ctx_235236203/libs/mjs/esp8266/src"
mount from "/fwbuild-volumes/2.5.1/apps/smartBatteryBox/esp8266/build_contexts/build_ctx_235236203/libs/rpc-service-config/src" to "/fwbuild-volumes/2.5.1/apps/smartBatteryBox/esp8266/build_contexts/build_ctx_235236203/libs/rpc-service-config/src"
mount from "/fwbuild-volumes/2.5.1/apps/smartBatteryBox/esp8266/build_contexts/build_ctx_235236203/libs/rpc-service-fs/src" to "/fwbuild-volumes/2.5.1/apps/smartBatteryBox/esp8266/build_contexts/build_ctx_235236203/libs/rpc-service-fs/src"
mount from "/fwbuild-volumes/2.5.1/apps/smartBatteryBox/esp8266/build_contexts/build_ctx_235236203/libs/rpc-uart/src" to "/fwbuild-volumes/2.5.1/apps/smartBatteryBox/esp8266/build_contexts/build_ctx_235236203/libs/rpc-uart/src"
mount from "/fwbuild-volumes/2.5.1/apps/smartBatteryBox/esp8266/build_contexts/build_ctx_235236203/libs/wifi/src" to "/fwbuild-volumes/2.5.1/apps/smartBatteryBox/esp8266/build_contexts/build_ctx_235236203/libs/wifi/src"
mount from "/fwbuild-volumes/2.5.1/apps/smartBatteryBox/esp8266/build_contexts/build_ctx_235236203/libs/wifi/esp8266/src" to "/fwbuild-volumes/2.5.1/apps/smartBatteryBox/esp8266/build_contexts/build_ctx_235236203/libs/wifi/esp8266/src"
mount from "/fwbuild-volumes/2.5.1/apps/smartBatteryBox/esp8266/build_contexts/build_ctx_235236203/libs/adc/include" to "/fwbuild-volumes/2.5.1/apps/smartBatteryBox/esp8266/build_contexts/build_ctx_235236203/libs/adc/include"
mount from "/fwbuild-volumes/2.5.1/apps/smartBatteryBox/esp8266/build_contexts/build_ctx_235236203/libs/adc/esp8266/include" to "/fwbuild-volumes/2.5.1/apps/smartBatteryBox/esp8266/build_contexts/build_ctx_235236203/libs/adc/esp8266/include"
mount from "/fwbuild-volumes/2.5.1/apps/smartBatteryBox/esp8266/build_contexts/build_ctx_235236203/libs/vfs-common/include" to "/fwbuild-volumes/2.5.1/apps/smartBatteryBox/esp8266/build_contexts/build_ctx_235236203/libs/vfs-common/include"
mount from "/fwbuild-volumes/2.5.1/apps/smartBatteryBox/esp8266/build_contexts/build_ctx_235236203/libs/vfs-common/include/esp8266" to "/fwbuild-volumes/2.5.1/apps/smartBatteryBox/esp8266/build_contexts/build_ctx_235236203/libs/vfs-common/include/esp8266"
mount from "/fwbuild-volumes/2.5.1/apps/smartBatteryBox/esp8266/build_contexts/build_ctx_235236203/libs/mongoose/include" to "/fwbuild-volumes/2.5.1/apps/smartBatteryBox/esp8266/build_contexts/build_ctx_235236203/libs/mongoose/include"
mount from "/fwbuild-volumes/2.5.1/apps/smartBatteryBox/esp8266/build_contexts/build_ctx_235236203/libs/vfs-dev-part/include" to "/fwbuild-volumes/2.5.1/apps/smartBatteryBox/esp8266/build_contexts/build_ctx_235236203/libs/vfs-dev-part/include"
mount from "/fwbuild-volumes/2.5.1/apps/smartBatteryBox/esp8266/build_contexts/build_ctx_235236203/libs/vfs-fs-spiffs/include" to "/fwbuild-volumes/2.5.1/apps/smartBatteryBox/esp8266/build_contexts/build_ctx_235236203/libs/vfs-fs-spiffs/include"
mount from "/fwbuild-volumes/2.5.1/apps/smartBatteryBox/esp8266/build_contexts/build_ctx_235236203/libs/vfs-fs-spiffs/include/spiffs" to "/fwbuild-volumes/2.5.1/apps/smartBatteryBox/esp8266/build_contexts/build_ctx_235236203/libs/vfs-fs-spiffs/include/spiffs"
mount from "/fwbuild-volumes/2.5.1/apps/smartBatteryBox/esp8266/build_contexts/build_ctx_235236203/libs/vfs-fs-spiffs/include/esp8266" to "/fwbuild-volumes/2.5.1/apps/smartBatteryBox/esp8266/build_contexts/build_ctx_235236203/libs/vfs-fs-spiffs/include/esp8266"
mount from "/fwbuild-volumes/2.5.1/apps/smartBatteryBox/esp8266/build_contexts/build_ctx_235236203/libs/core/include" to "/fwbuild-volumes/2.5.1/apps/smartBatteryBox/esp8266/build_contexts/build_ctx_235236203/libs/core/include"
mount from "/fwbuild-volumes/2.5.1/apps/smartBatteryBox/esp8266/build_contexts/build_ctx_235236203/libs/core/include/esp8266" to "/fwbuild-volumes/2.5.1/apps/smartBatteryBox/esp8266/build_contexts/build_ctx_235236203/libs/core/include/esp8266"
mount from "/fwbuild-volumes/2.5.1/apps/smartBatteryBox/esp8266/build_contexts/build_ctx_235236203/libs/ota-common/include" to "/fwbuild-volumes/2.5.1/apps/smartBatteryBox/esp8266/build_contexts/build_ctx_235236203/libs/ota-common/include"
mount from "/fwbuild-volumes/2.5.1/apps/smartBatteryBox/esp8266/build_contexts/build_ctx_235236203/libs/ota-http-client/include" to "/fwbuild-volumes/2.5.1/apps/smartBatteryBox/esp8266/build_contexts/build_ctx_235236203/libs/ota-http-client/include"
mount from "/fwbuild-volumes/2.5.1/apps/smartBatteryBox/esp8266/build_contexts/build_ctx_235236203/libs/shadow/include" to "/fwbuild-volumes/2.5.1/apps/smartBatteryBox/esp8266/build_contexts/build_ctx_235236203/libs/shadow/include"
mount from "/fwbuild-volumes/2.5.1/apps/smartBatteryBox/esp8266/build_contexts/build_ctx_235236203/libs/rpc-common/include/mg_rpc" to "/fwbuild-volumes/2.5.1/apps/smartBatteryBox/esp8266/build_contexts/build_ctx_235236203/libs/rpc-common/include/mg_rpc"
mount from "/fwbuild-volumes/2.5.1/apps/smartBatteryBox/esp8266/build_contexts/build_ctx_235236203/libs/rpc-common/include" to "/fwbuild-volumes/2.5.1/apps/smartBatteryBox/esp8266/build_contexts/build_ctx_235236203/libs/rpc-common/include"
mount from "/fwbuild-volumes/2.5.1/apps/smartBatteryBox/esp8266/build_contexts/build_ctx_235236203/libs/dash/include" to "/fwbuild-volumes/2.5.1/apps/smartBatteryBox/esp8266/build_contexts/build_ctx_235236203/libs/dash/include"
mount from "/fwbuild-volumes/2.5.1/apps/smartBatteryBox/esp8266/build_contexts/build_ctx_235236203/libs/http-server/include" to "/fwbuild-volumes/2.5.1/apps/smartBatteryBox/esp8266/build_contexts/build_ctx_235236203/libs/http-server/include"
mount from "/fwbuild-volumes/2.5.1/apps/smartBatteryBox/esp8266/build_contexts/build_ctx_235236203/libs/i2c/include" to "/fwbuild-volumes/2.5.1/apps/smartBatteryBox/esp8266/build_contexts/build_ctx_235236203/libs/i2c/include"
mount from "/fwbuild-volumes/2.5.1/apps/smartBatteryBox/esp8266/build_contexts/build_ctx_235236203/libs/mjs/include" to "/fwbuild-volumes/2.5.1/apps/smartBatteryBox/esp8266/build_contexts/build_ctx_235236203/libs/mjs/include"
mount from "/fwbuild-volumes/2.5.1/apps/smartBatteryBox/esp8266/build_contexts/build_ctx_235236203/libs/rpc-service-config/include" to "/fwbuild-volumes/2.5.1/apps/smartBatteryBox/esp8266/build_contexts/build_ctx_235236203/libs/rpc-service-config/include"
mount from "/fwbuild-volumes/2.5.1/apps/smartBatteryBox/esp8266/build_contexts/build_ctx_235236203/libs/rpc-service-fs/include" to "/fwbuild-volumes/2.5.1/apps/smartBatteryBox/esp8266/build_contexts/build_ctx_235236203/libs/rpc-service-fs/include"
mount from "/fwbuild-volumes/2.5.1/apps/smartBatteryBox/esp8266/build_contexts/build_ctx_235236203/libs/rpc-service-ota/include" to "/fwbuild-volumes/2.5.1/apps/smartBatteryBox/esp8266/build_contexts/build_ctx_235236203/libs/rpc-service-ota/include"
mount from "/fwbuild-volumes/2.5.1/apps/smartBatteryBox/esp8266/build_contexts/build_ctx_235236203/libs/rpc-uart/include" to "/fwbuild-volumes/2.5.1/apps/smartBatteryBox/esp8266/build_contexts/build_ctx_235236203/libs/rpc-uart/include"
mount from "/fwbuild-volumes/2.5.1/apps/smartBatteryBox/esp8266/build_contexts/build_ctx_235236203/libs/wifi/include" to "/fwbuild-volumes/2.5.1/apps/smartBatteryBox/esp8266/build_contexts/build_ctx_235236203/libs/wifi/include"
mount from "/fwbuild-volumes/2.5.1/apps/smartBatteryBox/esp8266/build_contexts/build_ctx_235236203/libs/ca-bundle/fs" to "/fwbuild-volumes/2.5.1/apps/smartBatteryBox/esp8266/build_contexts/build_ctx_235236203/libs/ca-bundle/fs"
mount from "/fwbuild-volumes/2.5.1/apps/smartBatteryBox/esp8266/build_contexts/build_ctx_235236203/libs/mjs/fs" to "/fwbuild-volumes/2.5.1/apps/smartBatteryBox/esp8266/build_contexts/build_ctx_235236203/libs/mjs/fs"
mount from "/fwbuild-volumes/2.5.1/apps/smartBatteryBox/esp8266/build_contexts/build_ctx_235236203/modules/mjs/mjs/lib" to "/fwbuild-volumes/2.5.1/apps/smartBatteryBox/esp8266/build_contexts/build_ctx_235236203/modules/mjs/mjs/lib"
mount from "/fwbuild-volumes/2.5.1/apps/smartBatteryBox/esp8266/build_contexts/build_ctx_235236203/libs/adc/mjs_fs" to "/fwbuild-volumes/2.5.1/apps/smartBatteryBox/esp8266/build_contexts/build_ctx_235236203/libs/adc/mjs_fs"
mount from "/fwbuild-volumes/2.5.1/apps/smartBatteryBox/esp8266/build_contexts/build_ctx_235236203/libs/ota-http-client/mjs_fs" to "/fwbuild-volumes/2.5.1/apps/smartBatteryBox/esp8266/build_contexts/build_ctx_235236203/libs/ota-http-client/mjs_fs"
mount from "/fwbuild-volumes/2.5.1/apps/smartBatteryBox/esp8266/build_contexts/build_ctx_235236203/libs/shadow/mjs_fs" to "/fwbuild-volumes/2.5.1/apps/smartBatteryBox/esp8266/build_contexts/build_ctx_235236203/libs/shadow/mjs_fs"
mount from "/fwbuild-volumes/2.5.1/apps/smartBatteryBox/esp8266/build_contexts/build_ctx_235236203/libs/rpc-common/mjs_fs" to "/fwbuild-volumes/2.5.1/apps/smartBatteryBox/esp8266/build_contexts/build_ctx_235236203/libs/rpc-common/mjs_fs"
mount from "/fwbuild-volumes/2.5.1/apps/smartBatteryBox/esp8266/build_contexts/build_ctx_235236203/libs/i2c/mjs_fs" to "/fwbuild-volumes/2.5.1/apps/smartBatteryBox/esp8266/build_contexts/build_ctx_235236203/libs/i2c/mjs_fs"
mount from "/fwbuild-volumes/2.5.1/apps/smartBatteryBox/esp8266/build_contexts/build_ctx_235236203/libs/wifi/mjs_fs" to "/fwbuild-volumes/2.5.1/apps/smartBatteryBox/esp8266/build_contexts/build_ctx_235236203/libs/wifi/mjs_fs"
mount from "/fwbuild-volumes/2.5.1/apps/smartBatteryBox/esp8266/build_contexts/build_ctx_235236203/libs/mjs/esp8266/fs" to "/fwbuild-volumes/2.5.1/apps/smartBatteryBox/esp8266/build_contexts/build_ctx_235236203/libs/mjs/esp8266/fs"
mount from "/fwbuild-volumes/2.5.1/apps/smartBatteryBox/esp8266/build_contexts/build_ctx_235236203/fs" to "/fwbuild-volumes/2.5.1/apps/smartBatteryBox/esp8266/build_contexts/build_ctx_235236203/fs"
mount from "/fwbuild-volumes/2.5.1/apps/smartBatteryBox/esp8266/build_contexts/build_ctx_235236203/libs/mongoose/lib/esp8266" to "/fwbuild-volumes/2.5.1/apps/smartBatteryBox/esp8266/build_contexts/build_ctx_235236203/libs/mongoose/lib/esp8266"
mount from "/fwbuild-volumes/2.5.1/apps/smartBatteryBox/esp8266/build_contexts/build_ctx_235236203/libs/ota-http-client/lib/esp8266" to "/fwbuild-volumes/2.5.1/apps/smartBatteryBox/esp8266/build_contexts/build_ctx_235236203/libs/ota-http-client/lib/esp8266"
mount from "/fwbuild-volumes/2.5.1/apps/smartBatteryBox/esp8266/build_contexts/build_ctx_235236203/libs/ota-shadow/lib/esp8266" to "/fwbuild-volumes/2.5.1/apps/smartBatteryBox/esp8266/build_contexts/build_ctx_235236203/libs/ota-shadow/lib/esp8266"
mount from "/fwbuild-volumes/2.5.1/apps/smartBatteryBox/esp8266/build_contexts/build_ctx_235236203/libs/dash/lib/esp8266" to "/fwbuild-volumes/2.5.1/apps/smartBatteryBox/esp8266/build_contexts/build_ctx_235236203/libs/dash/lib/esp8266"
mount from "/fwbuild-volumes/2.5.1/apps/smartBatteryBox/esp8266/build_contexts/build_ctx_235236203/libs/rpc-service-ota/lib/esp8266" to "/fwbuild-volumes/2.5.1/apps/smartBatteryBox/esp8266/build_contexts/build_ctx_235236203/libs/rpc-service-ota/lib/esp8266"
mount from "/fwbuild-volumes/2.5.1/apps/smartBatteryBox/esp8266/build_contexts/build_ctx_235236203/build/gen" to "/fwbuild-volumes/2.5.1/apps/smartBatteryBox/esp8266/build_contexts/build_ctx_235236203/build/gen"
Docker arguments: run --name mos_build_2018-08-29T23-27-59-00_2535009288950367039 --rm -i -v /fwbuild-volumes/2.5.1/apps/smartBatteryBox/esp8266/build_contexts/build_ctx_235236203/libs/rpc-common/include/mg_rpc:/fwbuild-volumes/2.5.1/apps/smartBatteryBox/esp8266/build_contexts/build_ctx_235236203/libs/rpc-common/include/mg_rpc -v /fwbuild-volumes/2.5.1/apps/smartBatteryBox/esp8266/build_contexts/build_ctx_235236203/modules/mjs/mjs/lib:/fwbuild-volumes/2.5.1/apps/smartBatteryBox/esp8266/build_contexts/build_ctx_235236203/modules/mjs/mjs/lib -v /fwbuild-volumes/2.5.1/apps/smartBatteryBox/esp8266/build_contexts/build_ctx_235236203/libs/http-server/src:/fwbuild-volumes/2.5.1/apps/smartBatteryBox/esp8266/build_contexts/build_ctx_235236203/libs/http-server/src -v /fwbuild-volumes/2.5.1/apps/smartBatteryBox/esp8266/build_contexts/build_ctx_235236203/libs/dash/include:/fwbuild-volumes/2.5.1/apps/smartBatteryBox/esp8266/build_contexts/build_ctx_235236203/libs/dash/include -v /fwbuild-volumes/2.5.1/apps/smartBatteryBox/esp8266/build_contexts/build_ctx_235236203:/app -v /fwbuild-volumes/2.5.1/apps/smartBatteryBox/esp8266/build_contexts/build_ctx_235236203/modules/mongoose-os:/fwbuild-volumes/2.5.1/apps/smartBatteryBox/esp8266/build_contexts/build_ctx_235236203/modules/mongoose-os -v /fwbuild-volumes/2.5.1/apps/smartBatteryBox/esp8266/build_contexts/build_ctx_235236203/libs/vfs-fs-spiffs/src/spiffs:/fwbuild-volumes/2.5.1/apps/smartBatteryBox/esp8266/build_contexts/build_ctx_235236203/libs/vfs-fs-spiffs/src/spiffs -v /fwbuild-volumes/2.5.1/apps/smartBatteryBox/esp8266/build_contexts/build_ctx_235236203/libs/ota-common/src:/fwbuild-volumes/2.5.1/apps/smartBatteryBox/esp8266/build_contexts/build_ctx_235236203/libs/ota-common/src -v /fwbuild-volumes/2.5.1/apps/smartBatteryBox/esp8266/build_contexts/build_ctx_235236203/libs/vfs-fs-spiffs/include/spiffs:/fwbuild-volumes/2.5.1/apps/smartBatteryBox/esp8266/build_contexts/build_ctx_235236203/libs/vfs-fs-spiffs/include/spiffs -v /fwbuild-volumes/2.5.1/apps/smartBatteryBox/esp8266/build_contexts/build_ctx_235236203/build/gen:/fwbuild-volumes/2.5.1/apps/smartBatteryBox/esp8266/build_contexts/build_ctx_235236203/build/gen -v /fwbuild-volumes/2.5.1/apps/smartBatteryBox/esp8266/build_contexts/build_ctx_235236203/libs/vfs-dev-part/src:/fwbuild-volumes/2.5.1/apps/smartBatteryBox/esp8266/build_contexts/build_ctx_235236203/libs/vfs-dev-part/src -v /fwbuild-volumes/2.5.1/apps/smartBatteryBox/esp8266/build_contexts/build_ctx_235236203/libs/vfs-fs-spiffs/include:/fwbuild-volumes/2.5.1/apps/smartBatteryBox/esp8266/build_contexts/build_ctx_235236203/libs/vfs-fs-spiffs/include -v /fwbuild-volumes/2.5.1/apps/smartBatteryBox/esp8266/build_contexts/build_ctx_235236203/libs/core/include:/fwbuild-volumes/2.5.1/apps/smartBatteryBox/esp8266/build_contexts/build_ctx_235236203/libs/core/include -v /fwbuild-volumes/2.5.1/apps/smartBatteryBox/esp8266/build_contexts/build_ctx_235236203/libs/mjs/include:/fwbuild-volumes/2.5.1/apps/smartBatteryBox/esp8266/build_contexts/build_ctx_235236203/libs/mjs/include -v /fwbuild-volumes/2.5.1/apps/smartBatteryBox/esp8266/build_contexts/build_ctx_235236203/libs/rpc-service-ota/include:/fwbuild-volumes/2.5.1/apps/smartBatteryBox/esp8266/build_contexts/build_ctx_235236203/libs/rpc-service-ota/include -v /fwbuild-volumes/2.5.1/apps/smartBatteryBox/esp8266/build_contexts/build_ctx_235236203/libs/rpc-uart/include:/fwbuild-volumes/2.5.1/apps/smartBatteryBox/esp8266/build_contexts/build_ctx_235236203/libs/rpc-uart/include -v /fwbuild-volumes/2.5.1/apps/smartBatteryBox/esp8266/build_contexts/build_ctx_235236203/libs/vfs-common/src/esp8266:/fwbuild-volumes/2.5.1/apps/smartBatteryBox/esp8266/build_contexts/build_ctx_235236203/libs/vfs-common/src/esp8266 -v /fwbuild-volumes/2.5.1/apps/smartBatteryBox/esp8266/build_contexts/build_ctx_235236203/libs/mjs/esp8266/src:/fwbuild-volumes/2.5.1/apps/smartBatteryBox/esp8266/build_contexts/build_ctx_235236203/libs/mjs/esp8266/src -v /fwbuild-volumes/2.5.1/apps/smartBatteryBox/esp8266/build_contexts/build_ctx_235236203/libs/wifi/esp8266/src:/fwbuild-volumes/2.5.1/apps/smartBatteryBox/esp8266/build_contexts/build_ctx_235236203/libs/wifi/esp8266/src -v /fwbuild-volumes/2.5.1/apps/smartBatteryBox/esp8266/build_contexts/build_ctx_235236203/libs/core/include/esp8266:/fwbuild-volumes/2.5.1/apps/smartBatteryBox/esp8266/build_contexts/build_ctx_235236203/libs/core/include/esp8266 -v /fwbuild-volumes/2.5.1/apps/smartBatteryBox/esp8266/build_contexts/build_ctx_235236203/libs/rpc-common/include:/fwbuild-volumes/2.5.1/apps/smartBatteryBox/esp8266/build_contexts/build_ctx_235236203/libs/rpc-common/include -v /fwbuild-volumes/2.5.1/apps/smartBatteryBox/esp8266/build_contexts/build_ctx_235236203/libs/http-server/include:/fwbuild-volumes/2.5.1/apps/smartBatteryBox/esp8266/build_contexts/build_ctx_235236203/libs/http-server/include -v /fwbuild-volumes/2.5.1/apps/smartBatteryBox/esp8266/build_contexts/build_ctx_235236203/libs/adc/include:/fwbuild-volumes/2.5.1/apps/smartBatteryBox/esp8266/build_contexts/build_ctx_235236203/libs/adc/include -v /fwbuild-volumes/2.5.1/apps/smartBatteryBox/esp8266/build_contexts/build_ctx_235236203/libs/vfs-fs-spiffs/include/esp8266:/fwbuild-volumes/2.5.1/apps/smartBatteryBox/esp8266/build_contexts/build_ctx_235236203/libs/vfs-fs-spiffs/include/esp8266 -v /fwbuild-volumes/2.5.1/apps/smartBatteryBox/esp8266/build_contexts/build_ctx_235236203/libs/ota-http-client/include:/fwbuild-volumes/2.5.1/apps/smartBatteryBox/esp8266/build_contexts/build_ctx_235236203/libs/ota-http-client/include -v /fwbuild-volumes/2.5.1/apps/smartBatteryBox/esp8266/build_contexts/build_ctx_235236203/libs/i2c/include:/fwbuild-volumes/2.5.1/apps/smartBatteryBox/esp8266/build_contexts/build_ctx_235236203/libs/i2c/include -v /fwbuild-volumes/2.5.1/apps/smartBatteryBox/esp8266/build_contexts/build_ctx_235236203/libs/mjs/fs:/fwbuild-volumes/2.5.1/apps/smartBatteryBox/esp8266/build_contexts/build_ctx_235236203/libs/mjs/fs -v /fwbuild-volumes/2.5.1/apps/smartBatteryBox/esp8266/build_contexts/build_ctx_235236203/libs/mjs/esp8266/fs:/fwbuild-volumes/2.5.1/apps/smartBatteryBox/esp8266/build_contexts/build_ctx_235236203/libs/mjs/esp8266/fs -v /fwbuild-volumes/2.5.1/apps/smartBatteryBox/esp8266/build_contexts/build_ctx_235236203/libs/adc/esp8266/include:/fwbuild-volumes/2.5.1/apps/smartBatteryBox/esp8266/build_contexts/build_ctx_235236203/libs/adc/esp8266/include -v /fwbuild-volumes/2.5.1/apps/smartBatteryBox/esp8266/build_contexts/build_ctx_235236203/libs/i2c/mjs_fs:/fwbuild-volumes/2.5.1/apps/smartBatteryBox/esp8266/build_contexts/build_ctx_235236203/libs/i2c/mjs_fs -v /fwbuild-volumes/2.5.1/apps/smartBatteryBox/esp8266/build_contexts/build_ctx_235236203/fs:/fwbuild-volumes/2.5.1/apps/smartBatteryBox/esp8266/build_contexts/build_ctx_235236203/fs -v /fwbuild-volumes/2.5.1/apps/smartBatteryBox/esp8266/build_contexts/build_ctx_235236203/libs/adc/esp8266/src:/fwbuild-volumes/2.5.1/apps/smartBatteryBox/esp8266/build_contexts/build_ctx_235236203/libs/adc/esp8266/src -v /fwbuild-volumes/2.5.1/apps/smartBatteryBox/esp8266/build_contexts/build_ctx_235236203/libs/shadow/src:/fwbuild-volumes/2.5.1/apps/smartBatteryBox/esp8266/build_contexts/build_ctx_235236203/libs/shadow/src -v /fwbuild-volumes/2.5.1/apps/smartBatteryBox/esp8266/build_contexts/build_ctx_235236203/libs/mjs/src:/fwbuild-volumes/2.5.1/apps/smartBatteryBox/esp8266/build_contexts/build_ctx_235236203/libs/mjs/src -v /fwbuild-volumes/2.5.1/apps/smartBatteryBox/esp8266/build_contexts/build_ctx_235236203/libs/vfs-common/include/esp8266:/fwbuild-volumes/2.5.1/apps/smartBatteryBox/esp8266/build_contexts/build_ctx_235236203/libs/vfs-common/include/esp8266 -v /fwbuild-volumes/2.5.1/apps/smartBatteryBox/esp8266/build_contexts/build_ctx_235236203/libs/ca-bundle/fs:/fwbuild-volumes/2.5.1/apps/smartBatteryBox/esp8266/build_contexts/build_ctx_235236203/libs/ca-bundle/fs -v /fwbuild-volumes/2.5.1/apps/smartBatteryBox/esp8266/build_contexts/build_ctx_235236203/libs/ota-http-client/lib/esp8266:/fwbuild-volumes/2.5.1/apps/smartBatteryBox/esp8266/build_contexts/build_ctx_235236203/libs/ota-http-client/lib/esp8266 -v /fwbuild-volumes/2.5.1/apps/smartBatteryBox/esp8266/build_contexts/build_ctx_235236203/libs/vfs-common/src:/fwbuild-volumes/2.5.1/apps/smartBatteryBox/esp8266/build_contexts/build_ctx_235236203/libs/vfs-common/src -v /fwbuild-volumes/2.5.1/apps/smartBatteryBox/esp8266/build_contexts/build_ctx_235236203/libs/i2c/src:/fwbuild-volumes/2.5.1/apps/smartBatteryBox/esp8266/build_contexts/build_ctx_235236203/libs/i2c/src -v /fwbuild-volumes/2.5.1/apps/smartBatteryBox/esp8266/build_contexts/build_ctx_235236203/libs/rpc-service-config/src:/fwbuild-volumes/2.5.1/apps/smartBatteryBox/esp8266/build_contexts/build_ctx_235236203/libs/rpc-service-config/src -v /fwbuild-volumes/2.5.1/apps/smartBatteryBox/esp8266/build_contexts/build_ctx_235236203/libs/mongoose/include:/fwbuild-volumes/2.5.1/apps/smartBatteryBox/esp8266/build_contexts/build_ctx_235236203/libs/mongoose/include -v /fwbuild-volumes/2.5.1/apps/smartBatteryBox/esp8266/build_contexts/build_ctx_235236203/libs/ota-http-client/mjs_fs:/fwbuild-volumes/2.5.1/apps/smartBatteryBox/esp8266/build_contexts/build_ctx_235236203/libs/ota-http-client/mjs_fs -v /fwbuild-volumes/2.5.1/apps/smartBatteryBox/esp8266/build_contexts/build_ctx_235236203/libs/wifi/mjs_fs:/fwbuild-volumes/2.5.1/apps/smartBatteryBox/esp8266/build_contexts/build_ctx_235236203/libs/wifi/mjs_fs -v /fwbuild-volumes/2.5.1/apps/smartBatteryBox/esp8266/build_contexts/build_ctx_235236203/libs/core/src:/fwbuild-volumes/2.5.1/apps/smartBatteryBox/esp8266/build_contexts/build_ctx_235236203/libs/core/src -v /fwbuild-volumes/2.5.1/apps/smartBatteryBox/esp8266/build_contexts/build_ctx_235236203/libs/rpc-service-config/include:/fwbuild-volumes/2.5.1/apps/smartBatteryBox/esp8266/build_contexts/build_ctx_235236203/libs/rpc-service-config/include -v /fwbuild-volumes/2.5.1/apps/smartBatteryBox/esp8266/build_contexts/build_ctx_235236203/libs/rpc-common/mjs_fs:/fwbuild-volumes/2.5.1/apps/smartBatteryBox/esp8266/build_contexts/build_ctx_235236203/libs/rpc-common/mjs_fs -v /fwbuild-volumes/2.5.1/apps/smartBatteryBox/esp8266/build_contexts/build_ctx_235236203/modules/mongoose-os:/mongoose-os -v /fwbuild-volumes/2.5.1/apps/smartBatteryBox/esp8266/build_contexts/build_ctx_235236203/libs/core/src/esp8266:/fwbuild-volumes/2.5.1/apps/smartBatteryBox/esp8266/build_contexts/build_ctx_235236203/libs/core/src/esp8266 -v /fwbuild-volumes/2.5.1/apps/smartBatteryBox/esp8266/build_contexts/build_ctx_235236203/libs/rpc-common/src/mg_rpc:/fwbuild-volumes/2.5.1/apps/smartBatteryBox/esp8266/build_contexts/build_ctx_235236203/libs/rpc-common/src/mg_rpc -v /fwbuild-volumes/2.5.1/apps/smartBatteryBox/esp8266/build_contexts/build_ctx_235236203/libs/i2c/src/common_gpio:/fwbuild-volumes/2.5.1/apps/smartBatteryBox/esp8266/build_contexts/build_ctx_235236203/libs/i2c/src/common_gpio -v /fwbuild-volumes/2.5.1/apps/smartBatteryBox/esp8266/build_contexts/build_ctx_235236203/libs/shadow/mjs_fs:/fwbuild-volumes/2.5.1/apps/smartBatteryBox/esp8266/build_contexts/build_ctx_235236203/libs/shadow/mjs_fs -v /fwbuild-volumes/2.5.1/apps/smartBatteryBox/esp8266/build_contexts/build_ctx_235236203/libs/dash/lib/esp8266:/fwbuild-volumes/2.5.1/apps/smartBatteryBox/esp8266/build_contexts/build_ctx_235236203/libs/dash/lib/esp8266 -v /fwbuild-volumes/2.5.1/apps/smartBatteryBox/esp8266/build_contexts/build_ctx_235236203/libs/rpc-common/src:/fwbuild-volumes/2.5.1/apps/smartBatteryBox/esp8266/build_contexts/build_ctx_235236203/libs/rpc-common/src -v /fwbuild-volumes/2.5.1/apps/smartBatteryBox/esp8266/build_contexts/build_ctx_235236203/libs/rpc-service-fs/include:/fwbuild-volumes/2.5.1/apps/smartBatteryBox/esp8266/build_contexts/build_ctx_235236203/libs/rpc-service-fs/include -v /fwbuild-volumes/2.5.1/apps/smartBatteryBox/esp8266/build_contexts/build_ctx_235236203/libs/adc/mjs_fs:/fwbuild-volumes/2.5.1/apps/smartBatteryBox/esp8266/build_contexts/build_ctx_235236203/libs/adc/mjs_fs -v /fwbuild-volumes/2.5.1/apps/smartBatteryBox/esp8266/build_contexts/build_ctx_235236203/libs/mongoose/lib/esp8266:/fwbuild-volumes/2.5.1/apps/smartBatteryBox/esp8266/build_contexts/build_ctx_235236203/libs/mongoose/lib/esp8266 -v /fwbuild-volumes/2.5.1/apps/smartBatteryBox/esp8266/build_contexts/build_ctx_235236203/libs/vfs-fs-spiffs/src:/fwbuild-volumes/2.5.1/apps/smartBatteryBox/esp8266/build_contexts/build_ctx_235236203/libs/vfs-fs-spiffs/src -v /fwbuild-volumes/2.5.1/apps/smartBatteryBox/esp8266/build_contexts/build_ctx_235236203/libs/rpc-uart/src:/fwbuild-volumes/2.5.1/apps/smartBatteryBox/esp8266/build_contexts/build_ctx_235236203/libs/rpc-uart/src -v /fwbuild-volumes/2.5.1/apps/smartBatteryBox/esp8266/build_contexts/build_ctx_235236203/libs/ota-common/include:/fwbuild-volumes/2.5.1/apps/smartBatteryBox/esp8266/build_contexts/build_ctx_235236203/libs/ota-common/include -v /fwbuild-volumes/2.5.1/apps/smartBatteryBox/esp8266/build_contexts/build_ctx_235236203/libs/ota-shadow/lib/esp8266:/fwbuild-volumes/2.5.1/apps/smartBatteryBox/esp8266/build_contexts/build_ctx_235236203/libs/ota-shadow/lib/esp8266 -v /fwbuild-volumes/2.5.1/apps/smartBatteryBox/esp8266/build_contexts/build_ctx_235236203/libs/rpc-service-ota/lib/esp8266:/fwbuild-volumes/2.5.1/apps/smartBatteryBox/esp8266/build_contexts/build_ctx_235236203/libs/rpc-service-ota/lib/esp8266 -v /fwbuild-volumes/2.5.1/apps/smartBatteryBox/esp8266/build_contexts/build_ctx_235236203/build:/fwbuild-volumes/2.5.1/apps/smartBatteryBox/esp8266/build_contexts/build_ctx_235236203/build -v /fwbuild-volumes/2.5.1/apps/smartBatteryBox/esp8266/build_contexts/build_ctx_235236203/modules/mjs:/fwbuild-volumes/2.5.1/apps/smartBatteryBox/esp8266/build_contexts/build_ctx_235236203/modules/mjs -v /fwbuild-volumes/2.5.1/apps/smartBatteryBox/esp8266/build_contexts/build_ctx_235236203/libs/vfs-common/include:/fwbuild-volumes/2.5.1/apps/smartBatteryBox/esp8266/build_contexts/build_ctx_235236203/libs/vfs-common/include -v /fwbuild-volumes/2.5.1/apps/smartBatteryBox/esp8266/build_contexts/build_ctx_235236203/libs/ota-common/src/esp8266:/fwbuild-volumes/2.5.1/apps/smartBatteryBox/esp8266/build_contexts/build_ctx_235236203/libs/ota-common/src/esp8266 -v /fwbuild-volumes/2.5.1/apps/smartBatteryBox/esp8266/build_contexts/build_ctx_235236203/libs/rpc-service-fs/src:/fwbuild-volumes/2.5.1/apps/smartBatteryBox/esp8266/build_contexts/build_ctx_235236203/libs/rpc-service-fs/src -v /fwbuild-volumes/2.5.1/apps/smartBatteryBox/esp8266/build_contexts/build_ctx_235236203/libs/wifi/src:/fwbuild-volumes/2.5.1/apps/smartBatteryBox/esp8266/build_contexts/build_ctx_235236203/libs/wifi/src -v /fwbuild-volumes/2.5.1/apps/smartBatteryBox/esp8266/build_contexts/build_ctx_235236203/libs/vfs-dev-part/include:/fwbuild-volumes/2.5.1/apps/smartBatteryBox/esp8266/build_contexts/build_ctx_235236203/libs/vfs-dev-part/include -v /fwbuild-volumes/2.5.1/apps/smartBatteryBox/esp8266/build_contexts/build_ctx_235236203/libs/shadow/include:/fwbuild-volumes/2.5.1/apps/smartBatteryBox/esp8266/build_contexts/build_ctx_235236203/libs/shadow/include -v /fwbuild-volumes/2.5.1/apps/smartBatteryBox/esp8266/build_contexts/build_ctx_235236203/libs/wifi/include:/fwbuild-volumes/2.5.1/apps/smartBatteryBox/esp8266/build_contexts/build_ctx_235236203/libs/wifi/include --user 0:0 docker.io/mgos/esp8266-build:2.2.1-1.5.0-r3 /bin/bash -c nice make '-j' '16' '-C' '/app' '-f' '/mongoose-os/fw/platforms/esp8266/Makefile.build' 'all' 'APP=smartBatteryBox' 'APP_BIN_LIBS=/fwbuild-volumes/2.5.1/apps/smartBatteryBox/esp8266/build_contexts/build_ctx_235236203/libs/mongoose/lib/esp8266/libmongoose.a /fwbuild-volumes/2.5.1/apps/smartBatteryBox/esp8266/build_contexts/build_ctx_235236203/libs/ota-http-client/lib/esp8266/libota-http-client.a /fwbuild-volumes/2.5.1/apps/smartBatteryBox/esp8266/build_contexts/build_ctx_235236203/libs/ota-shadow/lib/esp8266/libota-shadow.a /fwbuild-volumes/2.5.1/apps/smartBatteryBox/esp8266/build_contexts/build_ctx_235236203/libs/dash/lib/esp8266/libdash.a /fwbuild-volumes/2.5.1/apps/smartBatteryBox/esp8266/build_contexts/build_ctx_235236203/libs/rpc-service-ota/lib/esp8266/librpc-service-ota.a' 'APP_CFLAGS=-DMGOS_ENABLE_FILE_UPLOAD=1 -DMGOS_ENABLE_RPC_CHANNEL_HTTP=1 -DMGOS_ENABLE_RPC_CHANNEL_WS=1 -DMGOS_ENABLE_SYS_SERVICE=1 -DMGOS_ENABLE_TUNNEL=0 -DMGOS_ENABLE_WEB_CONFIG=0 -DMGOS_HAVE_ADC=1 -DMGOS_HAVE_CA_BUNDLE=1 -DMGOS_HAVE_CORE=1 -DMGOS_HAVE_DASH=1 -DMGOS_HAVE_HTTP_SERVER=1 -DMGOS_HAVE_I2C=1 -DMGOS_HAVE_MJS=1 -DMGOS_HAVE_MONGOOSE=1 -DMGOS_HAVE_OTA_COMMON=1 -DMGOS_HAVE_OTA_HTTP_CLIENT=1 -DMGOS_HAVE_OTA_SHADOW=1 -DMGOS_HAVE_RPC_COMMON=1 -DMGOS_HAVE_RPC_SERVICE_CONFIG=1 -DMGOS_HAVE_RPC_SERVICE_FS=1 -DMGOS_HAVE_RPC_SERVICE_OTA=1 -DMGOS_HAVE_RPC_UART=1 -DMGOS_HAVE_SHADOW=1 -DMGOS_HAVE_VFS_COMMON=1 -DMGOS_HAVE_VFS_DEV_PART=1 -DMGOS_HAVE_VFS_FS_SPIFFS=1 -DMGOS_HAVE_WIFI=1 -DMGOS_WIFI_ENABLE_AP_STA=1 -DMG_ENABLE_DNS=1 -DMG_ENABLE_DNS_SERVER=1 -DMG_ENABLE_MQTT=1 -DMG_ENABLE_SNTP=1' 'APP_CONF_SCHEMA=/fwbuild-volumes/2.5.1/apps/smartBatteryBox/esp8266/build_contexts/build_ctx_235236203/build/gen/mos_conf_schema.yml' 'APP_CXXFLAGS=-DMGOS_ENABLE_FILE_UPLOAD=1 -DMGOS_ENABLE_RPC_CHANNEL_HTTP=1 -DMGOS_ENABLE_RPC_CHANNEL_WS=1 -DMGOS_ENABLE_SYS_SERVICE=1 -DMGOS_ENABLE_TUNNEL=0 -DMGOS_ENABLE_WEB_CONFIG=0 -DMGOS_HAVE_ADC=1 -DMGOS_HAVE_CA_BUNDLE=1 -DMGOS_HAVE_CORE=1 -DMGOS_HAVE_DASH=1 -DMGOS_HAVE_HTTP_SERVER=1 -DMGOS_HAVE_I2C=1 -DMGOS_HAVE_MJS=1 -DMGOS_HAVE_MONGOOSE=1 -DMGOS_HAVE_OTA_COMMON=1 -DMGOS_HAVE_OTA_HTTP_CLIENT=1 -DMGOS_HAVE_OTA_SHADOW=1 -DMGOS_HAVE_RPC_COMMON=1 -DMGOS_HAVE_RPC_SERVICE_CONFIG=1 -DMGOS_HAVE_RPC_SERVICE_FS=1 -DMGOS_HAVE_RPC_SERVICE_OTA=1 -DMGOS_HAVE_RPC_UART=1 -DMGOS_HAVE_SHADOW=1 -DMGOS_HAVE_VFS_COMMON=1 -DMGOS_HAVE_VFS_DEV_PART=1 -DMGOS_HAVE_VFS_FS_SPIFFS=1 -DMGOS_HAVE_WIFI=1 -DMGOS_WIFI_ENABLE_AP_STA=1 -DMG_ENABLE_DNS=1 -DMG_ENABLE_DNS_SERVER=1 -DMG_ENABLE_MQTT=1 -DMG_ENABLE_SNTP=1' 'APP_FS_FILES=/fwbuild-volumes/2.5.1/apps/smartBatteryBox/esp8266/build_contexts/build_ctx_235236203/libs/ca-bundle/fs/ca.pem /fwbuild-volumes/2.5.1/apps/smartBatteryBox/esp8266/build_contexts/build_ctx_235236203/libs/mjs/fs/api_bitbang.js /fwbuild-volumes/2.5.1/apps/smartBatteryBox/esp8266/build_contexts/build_ctx_235236203/libs/mjs/fs/api_config.js /fwbuild-volumes/2.5.1/apps/smartBatteryBox/esp8266/build_contexts/build_ctx_235236203/libs/mjs/fs/api_events.js /fwbuild-volumes/2.5.1/apps/smartBatteryBox/esp8266/build_contexts/build_ctx_235236203/libs/mjs/fs/api_gpio.js /fwbuild-volumes/2.5.1/apps/smartBatteryBox/esp8266/build_contexts/build_ctx_235236203/libs/mjs/fs/api_grove.js /fwbuild-volumes/2.5.1/apps/smartBatteryBox/esp8266/build_contexts/build_ctx_235236203/libs/mjs/fs/api_http.js /fwbuild-volumes/2.5.1/apps/smartBatteryBox/esp8266/build_contexts/build_ctx_235236203/libs/mjs/fs/api_log.js /fwbuild-volumes/2.5.1/apps/smartBatteryBox/esp8266/build_contexts/build_ctx_235236203/libs/mjs/fs/api_net.js /fwbuild-volumes/2.5.1/apps/smartBatteryBox/esp8266/build_contexts/build_ctx_235236203/libs/mjs/fs/api_sys.js /fwbuild-volumes/2.5.1/apps/smartBatteryBox/esp8266/build_contexts/build_ctx_235236203/libs/mjs/fs/api_timer.js /fwbuild-volumes/2.5.1/apps/smartBatteryBox/esp8266/build_contexts/build_ctx_235236203/libs/mjs/fs/api_uart.js /fwbuild-volumes/2.5.1/apps/smartBatteryBox/esp8266/build_contexts/build_ctx_235236203/libs/mjs/fs/init.js /fwbuild-volumes/2.5.1/apps/smartBatteryBox/esp8266/build_contexts/build_ctx_235236203/modules/mjs/mjs/lib/api_dataview.js /fwbuild-volumes/2.5.1/apps/smartBatteryBox/esp8266/build_contexts/build_ctx_235236203/modules/mjs/mjs/lib/api_file.js /fwbuild-volumes/2.5.1/apps/smartBatteryBox/esp8266/build_contexts/build_ctx_235236203/modules/mjs/mjs/lib/api_math.js /fwbuild-volumes/2.5.1/apps/smartBatteryBox/esp8266/build_contexts/build_ctx_235236203/libs/adc/mjs_fs/api_adc.js /fwbuild-volumes/2.5.1/apps/smartBatteryBox/esp8266/build_contexts/build_ctx_235236203/libs/ota-http-client/mjs_fs/api_ota.js /fwbuild-volumes/2.5.1/apps/smartBatteryBox/esp8266/build_contexts/build_ctx_235236203/libs/shadow/mjs_fs/api_shadow.js /fwbuild-volumes/2.5.1/apps/smartBatteryBox/esp8266/build_contexts/build_ctx_235236203/libs/rpc-common/mjs_fs/api_rpc.js /fwbuild-volumes/2.5.1/apps/smartBatteryBox/esp8266/build_contexts/build_ctx_235236203/libs/i2c/mjs_fs/api_i2c.js /fwbuild-volumes/2.5.1/apps/smartBatteryBox/esp8266/build_contexts/build_ctx_235236203/libs/wifi/mjs_fs/api_wifi.js /fwbuild-volumes/2.5.1/apps/smartBatteryBox/esp8266/build_contexts/build_ctx_235236203/libs/mjs/esp8266/fs/api_arch_uart.js /fwbuild-volumes/2.5.1/apps/smartBatteryBox/esp8266/build_contexts/build_ctx_235236203/libs/mjs/esp8266/fs/api_esp8266.js /fwbuild-volumes/2.5.1/apps/smartBatteryBox/esp8266/build_contexts/build_ctx_235236203/fs/init.js' 'APP_INCLUDES=/fwbuild-volumes/2.5.1/apps/smartBatteryBox/esp8266/build_contexts/build_ctx_235236203/libs/adc/include /fwbuild-volumes/2.5.1/apps/smartBatteryBox/esp8266/build_contexts/build_ctx_235236203/libs/adc/esp8266/include /fwbuild-volumes/2.5.1/apps/smartBatteryBox/esp8266/build_contexts/build_ctx_235236203/libs/vfs-common/include /fwbuild-volumes/2.5.1/apps/smartBatteryBox/esp8266/build_contexts/build_ctx_235236203/libs/vfs-common/include/esp8266 /fwbuild-volumes/2.5.1/apps/smartBatteryBox/esp8266/build_contexts/build_ctx_235236203/libs/mongoose/include /fwbuild-volumes/2.5.1/apps/smartBatteryBox/esp8266/build_contexts/build_ctx_235236203/libs/vfs-dev-part/include /fwbuild-volumes/2.5.1/apps/smartBatteryBox/esp8266/build_contexts/build_ctx_235236203/libs/vfs-fs-spiffs/include /fwbuild-volumes/2.5.1/apps/smartBatteryBox/esp8266/build_contexts/build_ctx_235236203/libs/vfs-fs-spiffs/include/spiffs /fwbuild-volumes/2.5.1/apps/smartBatteryBox/esp8266/build_contexts/build_ctx_235236203/libs/vfs-fs-spiffs/include/esp8266 /fwbuild-volumes/2.5.1/apps/smartBatteryBox/esp8266/build_contexts/build_ctx_235236203/libs/core/include /fwbuild-volumes/2.5.1/apps/smartBatteryBox/esp8266/build_contexts/build_ctx_235236203/libs/core/include/esp8266 /fwbuild-volumes/2.5.1/apps/smartBatteryBox/esp8266/build_contexts/build_ctx_235236203/libs/ota-common/include /fwbuild-volumes/2.5.1/apps/smartBatteryBox/esp8266/build_contexts/build_ctx_235236203/libs/ota-http-client/include /fwbuild-volumes/2.5.1/apps/smartBatteryBox/esp8266/build_contexts/build_ctx_235236203/libs/shadow/include /fwbuild-volumes/2.5.1/apps/smartBatteryBox/esp8266/build_contexts/build_ctx_235236203/libs/rpc-common/include/mg_rpc /fwbuild-volumes/2.5.1/apps/smartBatteryBox/esp8266/build_contexts/build_ctx_235236203/libs/rpc-common/include /fwbuild-volumes/2.5.1/apps/smartBatteryBox/esp8266/build_contexts/build_ctx_235236203/libs/dash/include /fwbuild-volumes/2.5.1/apps/smartBatteryBox/esp8266/build_contexts/build_ctx_235236203/libs/http-server/include /fwbuild-volumes/2.5.1/apps/smartBatteryBox/esp8266/build_contexts/build_ctx_235236203/libs/i2c/include /fwbuild-volumes/2.5.1/apps/smartBatteryBox/esp8266/build_contexts/build_ctx_235236203/libs/mjs/include /fwbuild-volumes/2.5.1/apps/smartBatteryBox/esp8266/build_contexts/build_ctx_235236203/libs/rpc-service-config/include /fwbuild-volumes/2.5.1/apps/smartBatteryBox/esp8266/build_contexts/build_ctx_235236203/libs/rpc-service-fs/include /fwbuild-volumes/2.5.1/apps/smartBatteryBox/esp8266/build_contexts/build_ctx_235236203/libs/rpc-service-ota/include /fwbuild-volumes/2.5.1/apps/smartBatteryBox/esp8266/build_contexts/build_ctx_235236203/libs/rpc-uart/include /fwbuild-volumes/2.5.1/apps/smartBatteryBox/esp8266/build_contexts/build_ctx_235236203/libs/wifi/include' 'APP_SOURCES=/fwbuild-volumes/2.5.1/apps/smartBatteryBox/esp8266/build_contexts/build_ctx_235236203/build/gen/mgos_deps_init.c /fwbuild-volumes/2.5.1/apps/smartBatteryBox/esp8266/build_contexts/build_ctx_235236203/libs/adc/esp8266/src/esp_adc.c /fwbuild-volumes/2.5.1/apps/smartBatteryBox/esp8266/build_contexts/build_ctx_235236203/libs/vfs-common/src/mgos_vfs.c /fwbuild-volumes/2.5.1/apps/smartBatteryBox/esp8266/build_contexts/build_ctx_235236203/libs/vfs-common/src/mgos_vfs_dev.c /fwbuild-volumes/2.5.1/apps/smartBatteryBox/esp8266/build_contexts/build_ctx_235236203/libs/vfs-common/src/esp8266/esp_flash_writer.c /fwbuild-volumes/2.5.1/apps/smartBatteryBox/esp8266/build_contexts/build_ctx_235236203/libs/vfs-common/src/esp8266/esp_fs.c /fwbuild-volumes/2.5.1/apps/smartBatteryBox/esp8266/build_contexts/build_ctx_235236203/libs/vfs-common/src/esp8266/esp_vfs_dev_sysflash.c /fwbuild-volumes/2.5.1/apps/smartBatteryBox/esp8266/build_contexts/build_ctx_235236203/libs/vfs-dev-part/src/mgos_vfs_dev_part.c /fwbuild-volumes/2.5.1/apps/smartBatteryBox/esp8266/build_contexts/build_ctx_235236203/libs/vfs-fs-spiffs/src/mgos_vfs_fs_spiffs.c /fwbuild-volumes/2.5.1/apps/smartBatteryBox/esp8266/build_contexts/build_ctx_235236203/libs/vfs-fs-spiffs/src/spiffs/spiffs_cache.c /fwbuild-volumes/2.5.1/apps/smartBatteryBox/esp8266/build_contexts/build_ctx_235236203/libs/vfs-fs-spiffs/src/spiffs/spiffs_check.c /fwbuild-volumes/2.5.1/apps/smartBatteryBox/esp8266/build_contexts/build_ctx_235236203/libs/vfs-fs-spiffs/src/spiffs/spiffs_gc.c /fwbuild-volumes/2.5.1/apps/smartBatteryBox/esp8266/build_contexts/build_ctx_235236203/libs/vfs-fs-spiffs/src/spiffs/spiffs_hydrogen.c /fwbuild-volumes/2.5.1/apps/smartBatteryBox/esp8266/build_contexts/build_ctx_235236203/libs/vfs-fs-spiffs/src/spiffs/spiffs_nucleus.c /fwbuild-volumes/2.5.1/apps/smartBatteryBox/esp8266/build_contexts/build_ctx_235236203/libs/core/src/mgos_core.c /fwbuild-volumes/2.5.1/apps/smartBatteryBox/esp8266/build_contexts/build_ctx_235236203/libs/core/src/esp8266/esp_rboot.c /fwbuild-volumes/2.5.1/apps/smartBatteryBox/esp8266/build_contexts/build_ctx_235236203/libs/ota-common/src/mgos_updater_common.c /fwbuild-volumes/2.5.1/apps/smartBatteryBox/esp8266/build_contexts/build_ctx_235236203/libs/ota-common/src/esp8266/esp_updater.c /fwbuild-volumes/2.5.1/apps/smartBatteryBox/esp8266/build_contexts/build_ctx_235236203/libs/shadow/src/mgos_shadow.c /fwbuild-volumes/2.5.1/apps/smartBatteryBox/esp8266/build_contexts/build_ctx_235236203/libs/rpc-common/src/mg_rpc/mg_rpc.c /fwbuild-volumes/2.5.1/apps/smartBatteryBox/esp8266/build_contexts/build_ctx_235236203/libs/rpc-common/src/mg_rpc/mg_rpc_channel.c /fwbuild-volumes/2.5.1/apps/smartBatteryBox/esp8266/build_contexts/build_ctx_235236203/libs/rpc-common/src/mg_rpc/mg_rpc_channel_http.c /fwbuild-volumes/2.5.1/apps/smartBatteryBox/esp8266/build_contexts/build_ctx_235236203/libs/rpc-common/src/mg_rpc/mg_rpc_channel_ws.c /fwbuild-volumes/2.5.1/apps/smartBatteryBox/esp8266/build_contexts/build_ctx_235236203/libs/rpc-common/src/mgos_rpc.c /fwbuild-volumes/2.5.1/apps/smartBatteryBox/esp8266/build_contexts/build_ctx_235236203/libs/http-server/src/mgos_http_server.c /fwbuild-volumes/2.5.1/apps/smartBatteryBox/esp8266/build_contexts/build_ctx_235236203/libs/i2c/src/mgos_i2c.c /fwbuild-volumes/2.5.1/apps/smartBatteryBox/esp8266/build_contexts/build_ctx_235236203/libs/i2c/src/common_gpio/mgos_i2c_gpio.c /fwbuild-volumes/2.5.1/apps/smartBatteryBox/esp8266/build_contexts/build_ctx_235236203/libs/mjs/src/mos_mjs.c /fwbuild-volumes/2.5.1/apps/smartBatteryBox/esp8266/build_contexts/build_ctx_235236203/modules/mjs/mjs.c /fwbuild-volumes/2.5.1/apps/smartBatteryBox/esp8266/build_contexts/build_ctx_235236203/libs/mjs/esp8266/src/esp8266_mjs.c /fwbuild-volumes/2.5.1/apps/smartBatteryBox/esp8266/build_contexts/build_ctx_235236203/libs/rpc-service-config/src/mgos_service_config.c /fwbuild-volumes/2.5.1/apps/smartBatteryBox/esp8266/build_contexts/build_ctx_235236203/libs/rpc-service-fs/src/mgos_service_filesystem.c /fwbuild-volumes/2.5.1/apps/smartBatteryBox/esp8266/build_contexts/build_ctx_235236203/libs/rpc-uart/src/mgos_rpc_channel_uart.c /fwbuild-volumes/2.5.1/apps/smartBatteryBox/esp8266/build_contexts/build_ctx_235236203/libs/wifi/src/mgos_wifi.c /fwbuild-volumes/2.5.1/apps/smartBatteryBox/esp8266/build_contexts/build_ctx_235236203/libs/wifi/src/mjs_wifi.c /fwbuild-volumes/2.5.1/apps/smartBatteryBox/esp8266/build_contexts/build_ctx_235236203/libs/wifi/esp8266/src/esp_wifi.c' 'APP_VERSION=1.0' 'BOARD=' 'BUILD_DIR=/fwbuild-volumes/2.5.1/apps/smartBatteryBox/esp8266/build_contexts/build_ctx_235236203/build/objs' 'FFI_SYMBOLS=' 'FS_STAGING_DIR=/fwbuild-volumes/2.5.1/apps/smartBatteryBox/esp8266/build_contexts/build_ctx_235236203/build/fs' 'FW_DIR=/fwbuild-volumes/2.5.1/apps/smartBatteryBox/esp8266/build_contexts/build_ctx_235236203/build/fw' 'GEN_DIR=/fwbuild-volumes/2.5.1/apps/smartBatteryBox/esp8266/build_contexts/build_ctx_235236203/build/gen' 'MANIFEST_FINAL=/fwbuild-volumes/2.5.1/apps/smartBatteryBox/esp8266/build_contexts/build_ctx_235236203/build/gen/mos_final.yml' 'MGOS_ENABLE_I2C_GPIO=1' 'MGOS_HAVE_ADC=1' 'MGOS_HAVE_CA_BUNDLE=1' 'MGOS_HAVE_CORE=1' 'MGOS_HAVE_DASH=1' 'MGOS_HAVE_HTTP_SERVER=1' 'MGOS_HAVE_I2C=1' 'MGOS_HAVE_MJS=1' 'MGOS_HAVE_MONGOOSE=1' 'MGOS_HAVE_OTA_COMMON=1' 'MGOS_HAVE_OTA_HTTP_CLIENT=1' 'MGOS_HAVE_OTA_SHADOW=1' 'MGOS_HAVE_RPC_COMMON=1' 'MGOS_HAVE_RPC_SERVICE_CONFIG=1' 'MGOS_HAVE_RPC_SERVICE_FS=1' 'MGOS_HAVE_RPC_SERVICE_OTA=1' 'MGOS_HAVE_RPC_UART=1' 'MGOS_HAVE_SHADOW=1' 'MGOS_HAVE_VFS_COMMON=1' 'MGOS_HAVE_VFS_DEV_PART=1' 'MGOS_HAVE_VFS_FS_SPIFFS=1' 'MGOS_HAVE_WIFI=1' 'MGOS_PATH=/mongoose-os' 'MGOS_WIFI_ENABLE_AP_STA=1' 'PLATFORM=esp8266'
make: Entering directory '/app'
  GEN   /fwbuild-volumes/2.5.1/apps/smartBatteryBox/esp8266/build_contexts/build_ctx_235236203/build/gen/ffi_exports.c
  CP    /fwbuild-volumes/2.5.1/apps/smartBatteryBox/esp8266/build_contexts/build_ctx_235236203/build/gen/conf0.json -> /fwbuild-volumes/2.5.1/apps/smartBatteryBox/esp8266/build_contexts/build_ctx_235236203/build/fs
  CP    /fwbuild-volumes/2.5.1/apps/smartBatteryBox/esp8266/build_contexts/build_ctx_235236203/libs/ca-bundle/fs/ca.pem -> /fwbuild-volumes/2.5.1/apps/smartBatteryBox/esp8266/build_contexts/build_ctx_235236203/build/fs
  CP    /fwbuild-volumes/2.5.1/apps/smartBatteryBox/esp8266/build_contexts/build_ctx_235236203/libs/mjs/fs/api_bitbang.js -> /fwbuild-volumes/2.5.1/apps/smartBatteryBox/esp8266/build_contexts/build_ctx_235236203/build/fs
  CP    /fwbuild-volumes/2.5.1/apps/smartBatteryBox/esp8266/build_contexts/build_ctx_235236203/libs/mjs/fs/api_config.js -> /fwbuild-volumes/2.5.1/apps/smartBatteryBox/esp8266/build_contexts/build_ctx_235236203/build/fs
  CP    /fwbuild-volumes/2.5.1/apps/smartBatteryBox/esp8266/build_contexts/build_ctx_235236203/libs/mjs/fs/api_events.js -> /fwbuild-volumes/2.5.1/apps/smartBatteryBox/esp8266/build_contexts/build_ctx_235236203/build/fs
  CP    /fwbuild-volumes/2.5.1/apps/smartBatteryBox/esp8266/build_contexts/build_ctx_235236203/libs/mjs/fs/api_gpio.js -> /fwbuild-volumes/2.5.1/apps/smartBatteryBox/esp8266/build_contexts/build_ctx_235236203/build/fs
  CP    /fwbuild-volumes/2.5.1/apps/smartBatteryBox/esp8266/build_contexts/build_ctx_235236203/libs/mjs/fs/api_grove.js -> /fwbuild-volumes/2.5.1/apps/smartBatteryBox/esp8266/build_contexts/build_ctx_235236203/build/fs
  CP    /fwbuild-volumes/2.5.1/apps/smartBatteryBox/esp8266/build_contexts/build_ctx_235236203/libs/mjs/fs/api_http.js -> /fwbuild-volumes/2.5.1/apps/smartBatteryBox/esp8266/build_contexts/build_ctx_235236203/build/fs
  CP    /fwbuild-volumes/2.5.1/apps/smartBatteryBox/esp8266/build_contexts/build_ctx_235236203/libs/mjs/fs/api_log.js -> /fwbuild-volumes/2.5.1/apps/smartBatteryBox/esp8266/build_contexts/build_ctx_235236203/build/fs
  CP    /fwbuild-volumes/2.5.1/apps/smartBatteryBox/esp8266/build_contexts/build_ctx_235236203/libs/mjs/fs/api_net.js -> /fwbuild-volumes/2.5.1/apps/smartBatteryBox/esp8266/build_contexts/build_ctx_235236203/build/fs
  CP    /fwbuild-volumes/2.5.1/apps/smartBatteryBox/esp8266/build_contexts/build_ctx_235236203/libs/mjs/fs/api_sys.js -> /fwbuild-volumes/2.5.1/apps/smartBatteryBox/esp8266/build_contexts/build_ctx_235236203/build/fs
  CP    /fwbuild-volumes/2.5.1/apps/smartBatteryBox/esp8266/build_contexts/build_ctx_235236203/libs/mjs/fs/api_timer.js -> /fwbuild-volumes/2.5.1/apps/smartBatteryBox/esp8266/build_contexts/build_ctx_235236203/build/fs
  CP    /fwbuild-volumes/2.5.1/apps/smartBatteryBox/esp8266/build_contexts/build_ctx_235236203/libs/mjs/fs/api_uart.js -> /fwbuild-volumes/2.5.1/apps/smartBatteryBox/esp8266/build_contexts/build_ctx_235236203/build/fs
  CP    /fwbuild-volumes/2.5.1/apps/smartBatteryBox/esp8266/build_contexts/build_ctx_235236203/libs/mjs/fs/init.js -> /fwbuild-volumes/2.5.1/apps/smartBatteryBox/esp8266/build_contexts/build_ctx_235236203/build/fs
  CP    /fwbuild-volumes/2.5.1/apps/smartBatteryBox/esp8266/build_contexts/build_ctx_235236203/modules/mjs/mjs/lib/api_dataview.js -> /fwbuild-volumes/2.5.1/apps/smartBatteryBox/esp8266/build_contexts/build_ctx_235236203/build/fs
  CP    /fwbuild-volumes/2.5.1/apps/smartBatteryBox/esp8266/build_contexts/build_ctx_235236203/modules/mjs/mjs/lib/api_file.js -> /fwbuild-volumes/2.5.1/apps/smartBatteryBox/esp8266/build_contexts/build_ctx_235236203/build/fs
  CP    /fwbuild-volumes/2.5.1/apps/smartBatteryBox/esp8266/build_contexts/build_ctx_235236203/modules/mjs/mjs/lib/api_math.js -> /fwbuild-volumes/2.5.1/apps/smartBatteryBox/esp8266/build_contexts/build_ctx_235236203/build/fs
  CP    /fwbuild-volumes/2.5.1/apps/smartBatteryBox/esp8266/build_contexts/build_ctx_235236203/libs/adc/mjs_fs/api_adc.js -> /fwbuild-volumes/2.5.1/apps/smartBatteryBox/esp8266/build_contexts/build_ctx_235236203/build/fs
  CP    /fwbuild-volumes/2.5.1/apps/smartBatteryBox/esp8266/build_contexts/build_ctx_235236203/libs/ota-http-client/mjs_fs/api_ota.js -> /fwbuild-volumes/2.5.1/apps/smartBatteryBox/esp8266/build_contexts/build_ctx_235236203/build/fs
  CP    /fwbuild-volumes/2.5.1/apps/smartBatteryBox/esp8266/build_contexts/build_ctx_235236203/libs/shadow/mjs_fs/api_shadow.js -> /fwbuild-volumes/2.5.1/apps/smartBatteryBox/esp8266/build_contexts/build_ctx_235236203/build/fs
  CP    /fwbuild-volumes/2.5.1/apps/smartBatteryBox/esp8266/build_contexts/build_ctx_235236203/libs/rpc-common/mjs_fs/api_rpc.js -> /fwbuild-volumes/2.5.1/apps/smartBatteryBox/esp8266/build_contexts/build_ctx_235236203/build/fs
  CP    /fwbuild-volumes/2.5.1/apps/smartBatteryBox/esp8266/build_contexts/build_ctx_235236203/libs/i2c/mjs_fs/api_i2c.js -> /fwbuild-volumes/2.5.1/apps/smartBatteryBox/esp8266/build_contexts/build_ctx_235236203/build/fs
  CP    /fwbuild-volumes/2.5.1/apps/smartBatteryBox/esp8266/build_contexts/build_ctx_235236203/libs/wifi/mjs_fs/api_wifi.js -> /fwbuild-volumes/2.5.1/apps/smartBatteryBox/esp8266/build_contexts/build_ctx_235236203/build/fs
  CP    /fwbuild-volumes/2.5.1/apps/smartBatteryBox/esp8266/build_contexts/build_ctx_235236203/libs/mjs/esp8266/fs/api_arch_uart.js -> /fwbuild-volumes/2.5.1/apps/smartBatteryBox/esp8266/build_contexts/build_ctx_235236203/build/fs
  CP    /fwbuild-volumes/2.5.1/apps/smartBatteryBox/esp8266/build_contexts/build_ctx_235236203/libs/mjs/esp8266/fs/api_esp8266.js -> /fwbuild-volumes/2.5.1/apps/smartBatteryBox/esp8266/build_contexts/build_ctx_235236203/build/fs
  CP    /fwbuild-volumes/2.5.1/apps/smartBatteryBox/esp8266/build_contexts/build_ctx_235236203/fs/init.js -> /fwbuild-volumes/2.5.1/apps/smartBatteryBox/esp8266/build_contexts/build_ctx_235236203/build/fs
  MKFS  /usr/local/bin/mkspiffs8 262144 4096 256 4096 /fwbuild-volumes/2.5.1/apps/smartBatteryBox/esp8266/build_contexts/build_ctx_235236203/build/fs -> /fwbuild-volumes/2.5.1/apps/smartBatteryBox/esp8266/build_contexts/build_ctx_235236203/build/objs/fw_temp/fs.bin
     Adding api_file.js: 2105
     Adding ca.pem: 18826
     Adding conf0.json: 1438
     Adding api_math.js: 1890
     Adding api_esp8266.js: 231
     Adding api_dataview.js: 7433
     Adding api_wifi.js: 1020
     Adding api_ota.js: 278
     Adding api_grove.js: 2327
     Adding api_http.js: 3812
     Adding api_bitbang.js: 815
     Adding api_timer.js: 1736
     Adding init.js: 1066
     Adding api_config.js: 2170
     Adding api_shadow.js: 1667
     Adding api_sys.js: 1641
     Adding api_arch_uart.js: 651
     Adding api_gpio.js: 2731
     Adding api_log.js: 2005
     Adding api_adc.js: 803
     Adding api_events.js: 3398
     Adding api_net.js: 5122
     Adding api_uart.js: 5772
     Adding api_i2c.js: 4880
     Adding api_rpc.js: 2792
     Image stats: size=262144, space: total=233681, used=86093, free=147588
  CC    /fwbuild-volumes/2.5.1/apps/smartBatteryBox/esp8266/build_contexts/build_ctx_235236203/build/gen/ffi_exports.c
  LD    /fwbuild-volumes/2.5.1/apps/smartBatteryBox/esp8266/build_contexts/build_ctx_235236203/build/objs/smartBatteryBox.elf
  FW    /fwbuild-volumes/2.5.1/apps/smartBatteryBox/esp8266/build_contexts/build_ctx_235236203/build/objs/smartBatteryBox.elf -> /fwbuild-volumes/2.5.1/apps/smartBatteryBox/esp8266/build_contexts/build_ctx_235236203/build/objs/smartBatteryBox.bin
  Generating breakdown
  GEN    /fwbuild-volumes/2.5.1/apps/smartBatteryBox/esp8266/build_contexts/build_ctx_235236203/build/objs/fw_temp/manifest.json
  ZIP    /fwbuild-volumes/2.5.1/apps/smartBatteryBox/esp8266/build_contexts/build_ctx_235236203/build/fw/smartBatteryBox-esp8266-last.zip
     Adding /fwbuild-volumes/2.5.1/apps/smartBatteryBox/esp8266/build_contexts/build_ctx_235236203/build/objs/fw_temp/esp_init_data_default_v08.bin
     Adding /fwbuild-volumes/2.5.1/apps/smartBatteryBox/esp8266/build_contexts/build_ctx_235236203/build/objs/fw_temp/fs.bin
     Adding /fwbuild-volumes/2.5.1/apps/smartBatteryBox/esp8266/build_contexts/build_ctx_235236203/build/objs/fw_temp/rboot.bin
     Adding /fwbuild-volumes/2.5.1/apps/smartBatteryBox/esp8266/build_contexts/build_ctx_235236203/build/objs/fw_temp/smartBatteryBox.bin
  Built smartBatteryBox/esp8266 version 1.0 (20180829-213214)
make: Leaving directory '/app'
Success, built smartBatteryBox/esp8266 version 1.0 (20180829-213214).
Firmware saved to build/fw.zip
